C:\USERS\TEMEL\DOCUMENTS\VISUAL STUDIO 2012\PROJECTS\BITWISE\BITWISE\DEBUG\MAIN.OBJ
C:\USERS\TEMEL\DOCUMENTS\VISUAL STUDIO 2012\PROJECTS\BITWISE\BITWISE\DEBUG\VC110.PDB
C:\USERS\TEMEL\DOCUMENTS\VISUAL STUDIO 2012\PROJECTS\BITWISE\DEBUG\BITWISE.ILK
C:\USERS\TEMEL\DOCUMENTS\VISUAL STUDIO 2012\PROJECTS\BITWISE\DEBUG\BITWISE.EXE
C:\USERS\TEMEL\DOCUMENTS\VISUAL STUDIO 2012\PROJECTS\BITWISE\DEBUG\BITWISE.PDB
c:\Users\TEMEL\documents\visual studio 2012\Projects\Bitwise\Bitwise\Debug\main.obj
c:\Users\TEMEL\documents\visual studio 2012\Projects\Bitwise\Bitwise\Debug\cl.command.1.tlog
c:\Users\TEMEL\documents\visual studio 2012\Projects\Bitwise\Bitwise\Debug\CL.read.1.tlog
c:\Users\TEMEL\documents\visual studio 2012\Projects\Bitwise\Bitwise\Debug\CL.write.1.tlog
c:\Users\TEMEL\documents\visual studio 2012\Projects\Bitwise\Bitwise\Debug\link-cvtres.read.1.tlog
c:\Users\TEMEL\documents\visual studio 2012\Projects\Bitwise\Bitwise\Debug\link-cvtres.write.1.tlog
c:\Users\TEMEL\documents\visual studio 2012\Projects\Bitwise\Bitwise\Debug\link-rc.read.1.tlog
c:\Users\TEMEL\documents\visual studio 2012\Projects\Bitwise\Bitwise\Debug\link-rc.write.1.tlog
c:\Users\TEMEL\documents\visual studio 2012\Projects\Bitwise\Bitwise\Debug\link.2084-cvtres.read.1.tlog
c:\Users\TEMEL\documents\visual studio 2012\Projects\Bitwise\Bitwise\Debug\link.2084-cvtres.write.1.tlog
c:\Users\TEMEL\documents\visual studio 2012\Projects\Bitwise\Bitwise\Debug\link.2084-rc.read.1.tlog
c:\Users\TEMEL\documents\visual studio 2012\Projects\Bitwise\Bitwise\Debug\link.2084-rc.write.1.tlog
c:\Users\TEMEL\documents\visual studio 2012\Projects\Bitwise\Bitwise\Debug\link.2084.read.1.tlog
c:\Users\TEMEL\documents\visual studio 2012\Projects\Bitwise\Bitwise\Debug\link.2084.write.1.tlog
c:\Users\TEMEL\documents\visual studio 2012\Projects\Bitwise\Bitwise\Debug\link.4808-cvtres.read.1.tlog
c:\Users\TEMEL\documents\visual studio 2012\Projects\Bitwise\Bitwise\Debug\link.4808-cvtres.write.1.tlog
c:\Users\TEMEL\documents\visual studio 2012\Projects\Bitwise\Bitwise\Debug\link.4808-rc.read.1.tlog
c:\Users\TEMEL\documents\visual studio 2012\Projects\Bitwise\Bitwise\Debug\link.4808-rc.write.1.tlog
c:\Users\TEMEL\documents\visual studio 2012\Projects\Bitwise\Bitwise\Debug\link.4808.read.1.tlog
c:\Users\TEMEL\documents\visual studio 2012\Projects\Bitwise\Bitwise\Debug\link.4808.write.1.tlog
c:\Users\TEMEL\documents\visual studio 2012\Projects\Bitwise\Bitwise\Debug\link.command.1.tlog
c:\Users\TEMEL\documents\visual studio 2012\Projects\Bitwise\Bitwise\Debug\link.read.1.tlog
c:\Users\TEMEL\documents\visual studio 2012\Projects\Bitwise\Bitwise\Debug\link.write.1.tlog
c:\Users\TEMEL\documents\visual studio 2012\Projects\Bitwise\Bitwise\Debug\vc110.idb
c:\Users\TEMEL\documents\visual studio 2012\Projects\Bitwise\Bitwise\Debug\vc110.pdb
c:\users\temel\documents\visual studio 2012\Projects\Bitwise\Debug\Bitwise.pdb
c:\users\temel\documents\visual studio 2012\Projects\Bitwise\Debug\Bitwise.exe
c:\users\temel\documents\visual studio 2012\Projects\Bitwise\Debug\Bitwise.ilk
